[debug] [2021-06-10T18:45:54.754Z] ----------------------------------------------------------------------
[debug] [2021-06-10T18:45:54.757Z] Command:       C:\Program Files\nodejs\node.exe C:\Users\kalei\AppData\Roaming\npm\node_modules\firebase-tools\lib\bin\firebase.js emulators:start --only functions
[debug] [2021-06-10T18:45:54.757Z] CLI Version:   9.12.1
[debug] [2021-06-10T18:45:54.757Z] Platform:      win32
[debug] [2021-06-10T18:45:54.758Z] Node Version:  v14.16.0
[debug] [2021-06-10T18:45:54.759Z] Time:          Thu Jun 10 2021 14:45:54 GMT-0400 (Eastern Daylight Time)
[debug] [2021-06-10T18:45:54.759Z] ----------------------------------------------------------------------
[debug] 
[debug] [2021-06-10T18:45:54.773Z] > command requires scopes: ["email","openid","https://www.googleapis.com/auth/cloudplatformprojects.readonly","https://www.googleapis.com/auth/firebase","https://www.googleapis.com/auth/cloud-platform"]
[debug] [2021-06-10T18:45:54.773Z] > authorizing via signed-in user (kaleigh200@gmail.com)
[info] i  emulators: Starting emulators: functions {"metadata":{"emulator":{"name":"hub"},"message":"Starting emulators: functions"}}
[debug] [2021-06-10T18:45:54.841Z] [hub] writing locator at C:\Users\kalei\AppData\Local\Temp\hub-choredex.json
[warn] !  functions: The following emulators are not running, calls to these services from the Functions emulator will affect production: auth, firestore, database, hosting, pubsub, storage {"metadata":{"emulator":{"name":"functions"},"message":"The following emulators are not running, calls to these services from the Functions emulator will affect production: \u001b[1mauth, firestore, database, hosting, pubsub, storage\u001b[22m"}}
[info] +  functions: Using node@14 from host. {"metadata":{"emulator":{"name":"functions"},"message":"Using node@14 from host."}}
[debug] [2021-06-10T18:45:54.942Z] defaultcredentials: writing to file C:\Users\kalei\AppData\Roaming\firebase\kaleigh200_gmail_com_application_default_credentials.json
[debug] [2021-06-10T18:45:54.949Z] Setting GAC to C:\Users\kalei\AppData\Roaming\firebase\kaleigh200_gmail_com_application_default_credentials.json {"metadata":{"emulator":{"name":"functions"},"message":"Setting GAC to C:\\Users\\kalei\\AppData\\Roaming\\firebase\\kaleigh200_gmail_com_application_default_credentials.json"}}
[debug] [2021-06-10T18:45:54.951Z] >>> [apiv2][query] GET https://firebase.googleapis.com/v1beta1/projects/choredex/adminSdkConfig [none]
[debug] [2021-06-10T18:45:55.249Z] <<< [apiv2][status] GET https://firebase.googleapis.com/v1beta1/projects/choredex/adminSdkConfig 403
[debug] [2021-06-10T18:45:55.249Z] <<< [apiv2][body] GET https://firebase.googleapis.com/v1beta1/projects/choredex/adminSdkConfig {"error":{"code":403,"message":"The caller does not have permission","status":"PERMISSION_DENIED"}}
[debug] [2021-06-10T18:45:55.249Z] Failed to get Admin SDK config for choredex, falling back to cache Failed to get Admin SDK for Firebase project choredex. Please make sure the project exists and your account has permission to access it. {"name":"FirebaseError","children":[],"exit":2,"message":"Failed to get Admin SDK for Firebase project choredex. Please make sure the project exists and your account has permission to access it.","original":{"name":"FirebaseError","children":[],"context":{"body":{"error":{"code":403,"message":"The caller does not have permission","status":"PERMISSION_DENIED"}},"response":{"statusCode":403}},"exit":1,"message":"HTTP Error: 403, The caller does not have permission","status":403},"status":500}
[warn] !  functions: Unable to fetch project Admin SDK configuration, Admin SDK behavior in Cloud Functions emulator may be incorrect. {"metadata":{"emulator":{"name":"functions"},"message":"Unable to fetch project Admin SDK configuration, Admin SDK behavior in Cloud Functions emulator may be incorrect."}}
[warn] !  ui: Emulator UI unable to start on port 4000, starting on 4001 instead. {"metadata":{"emulator":{"name":"ui"},"message":"Emulator UI unable to start on port 4000, starting on 4001 instead."}}
[debug] [2021-06-10T18:45:55.548Z] Ignoring unsupported arg: auto_download {"metadata":{"emulator":{"name":"ui"},"message":"Ignoring unsupported arg: auto_download"}}
[debug] [2021-06-10T18:45:55.548Z] Ignoring unsupported arg: port {"metadata":{"emulator":{"name":"ui"},"message":"Ignoring unsupported arg: port"}}
[debug] [2021-06-10T18:45:55.548Z] Starting Emulator UI with command {"binary":"node","args":["C:\\Users\\kalei\\.cache\\firebase\\emulators\\ui-v1.5.0\\server.bundle.js"],"optionalArgs":[],"joinArgs":false} {"metadata":{"emulator":{"name":"ui"},"message":"Starting Emulator UI with command {\"binary\":\"node\",\"args\":[\"C:\\\\Users\\\\kalei\\\\.cache\\\\firebase\\\\emulators\\\\ui-v1.5.0\\\\server.bundle.js\"],\"optionalArgs\":[],\"joinArgs\":false}"}}
[info] i  ui: Emulator UI logging to ui-debug.log {"metadata":{"emulator":{"name":"ui"},"message":"Emulator UI logging to \u001b[1mui-debug.log\u001b[22m"}}
[debug] [2021-06-10T18:45:55.767Z] Web / API server started at http://localhost:4001
 {"metadata":{"emulator":{"name":"ui"},"message":"Web / API server started at http://localhost:4001\n"}}
[info] i  functions: Watching "C:\Users\kalei\Desktop\GC\FINAL-PROJECT\Choredex-Project\Choredex-Project\functions" for Cloud Functions... {"metadata":{"emulator":{"name":"functions"},"message":"Watching \"C:\\Users\\kalei\\Desktop\\GC\\FINAL-PROJECT\\Choredex-Project\\Choredex-Project\\functions\" for Cloud Functions..."}}
[debug] [2021-06-10T18:45:55.862Z] [worker-pool] addWorker(~diagnostic~) {"metadata":{"emulator":{"name":"functions"},"message":"[worker-pool] addWorker(~diagnostic~)"}}
[debug] [2021-06-10T18:45:55.863Z] [worker-pool] Adding worker with key ~diagnostic~, total=1 {"metadata":{"emulator":{"name":"functions"},"message":"[worker-pool] Adding worker with key ~diagnostic~, total=1"}}
[debug] [2021-06-10T18:45:55.863Z] [worker-pool] submitWork(triggerId=) {"metadata":{"emulator":{"name":"functions"},"message":"[worker-pool] submitWork(triggerId=)"}}
[debug] [2021-06-10T18:45:55.864Z] [worker-~diagnostic~-87a05da4-6747-455a-8286-60fcce965fca]: Assigning socketPath: \\?\pipe\C:\Users\kalei\Desktop\GC\FINAL-PROJECT\Choredex-Project\Choredex-Project\functions\19328 {"metadata":{"emulator":{"name":"functions"},"message":"[worker-~diagnostic~-87a05da4-6747-455a-8286-60fcce965fca]: Assigning socketPath: \\\\?\\pipe\\C:\\Users\\kalei\\Desktop\\GC\\FINAL-PROJECT\\Choredex-Project\\Choredex-Project\\functions\\19328"}}
[debug] [2021-06-10T18:45:55.864Z] [worker-~diagnostic~-87a05da4-6747-455a-8286-60fcce965fca]: BUSY {"metadata":{"emulator":{"name":"functions"},"message":"[worker-~diagnostic~-87a05da4-6747-455a-8286-60fcce965fca]: BUSY"}}
